# JRE version: Java(TM) SE Runtime Environment (7.0_40-b43) (build 1.7.0_40-b43)
# Java VM: Java HotSpot(TM) 64-Bit Server VM (24.0-b56 mixed mode windows-amd64 compressed oops)
Heap
 PSYoungGen      total 44032K, used 38909K [0x00000000f5500000, 0x00000000f8f80000, 0x0000000100000000)
  eden space 32256K, 84% used [0x00000000f5500000,0x00000000f6f80678,0x00000000f7480000)
  from space 11776K, 99% used [0x00000000f7580000,0x00000000f80fef98,0x00000000f8100000)
  to   space 13824K, 0% used [0x00000000f8200000,0x00000000f8200000,0x00000000f8f80000)
 ParOldGen       total 44032K, used 29252K [0x00000000e0000000, 0x00000000e2b00000, 0x00000000f5500000)
  object space 44032K, 66% used [0x00000000e0000000,0x00000000e1c91218,0x00000000e2b00000)
 PSPermGen       total 53760K, used 53373K [0x00000000d0000000, 0x00000000d3480000, 0x00000000e0000000)
  object space 53760K, 99% used [0x00000000d0000000,0x00000000d341f678,0x00000000d3480000)
GC Heap History (10 events):
Event: 16.006 GC heap before
{Heap before GC invocations=5 (full 0):
 PSYoungGen      total 19456K, used 19450K [0x00000000f5500000, 0x00000000f6a80000, 0x0000000100000000)
  eden space 16896K, 100% used [0x00000000f5500000,0x00000000f6580000,0x00000000f6580000)
  from space 2560K, 99% used [0x00000000f6800000,0x00000000f6a7e848,0x00000000f6a80000)
  to   space 2560K, 0% used [0x00000000f6580000,0x00000000f6580000,0x00000000f6800000)
 ParOldGen       total 44032K, used 19550K [0x00000000e0000000, 0x00000000e2b00000, 0x00000000f5500000)
  object space 44032K, 44% used [0x00000000e0000000,0x00000000e1317b18,0x00000000e2b00000)
 PSPermGen       total 26624K, used 26524K [0x00000000d0000000, 0x00000000d1a00000, 0x00000000e0000000)
  object space 26624K, 99% used [0x00000000d0000000,0x00000000d19e70d0,0x00000000d1a00000)
Event: 16.014 GC heap after
Heap after GC invocations=5 (full 0):
 PSYoungGen      total 19456K, used 2528K [0x00000000f5500000, 0x00000000f7c80000, 0x0000000100000000)
  eden space 16896K, 0% used [0x00000000f5500000,0x00000000f5500000,0x00000000f6580000)
  from space 2560K, 98% used [0x00000000f6580000,0x00000000f67f8170,0x00000000f6800000)
  to   space 11776K, 0% used [0x00000000f7100000,0x00000000f7100000,0x00000000f7c80000)
 ParOldGen       total 44032K, used 24953K [0x00000000e0000000, 0x00000000e2b00000, 0x00000000f5500000)
  object space 44032K, 56% used [0x00000000e0000000,0x00000000e185e440,0x00000000e2b00000)
 PSPermGen       total 26624K, used 26524K [0x00000000d0000000, 0x00000000d1a00000, 0x00000000e0000000)
  object space 26624K, 99% used [0x00000000d0000000,0x00000000d19e70d0,0x00000000d1a00000)
}
Event: 16.898 GC heap before
{Heap before GC invocations=6 (full 0):
 PSYoungGen      total 19456K, used 19424K [0x00000000f5500000, 0x00000000f7c80000, 0x0000000100000000)
  eden space 16896K, 100% used [0x00000000f5500000,0x00000000f6580000,0x00000000f6580000)
  from space 2560K, 98% used [0x00000000f6580000,0x00000000f67f8170,0x00000000f6800000)
  to   space 11776K, 0% used [0x00000000f7100000,0x00000000f7100000,0x00000000f7c80000)
 ParOldGen       total 44032K, used 24953K [0x00000000e0000000, 0x00000000e2b00000, 0x00000000f5500000)
  object space 44032K, 56% used [0x00000000e0000000,0x00000000e185e440,0x00000000e2b00000)
 PSPermGen       total 30720K, used 30455K [0x00000000d0000000, 0x00000000d1e00000, 0x00000000e0000000)
  object space 30720K, 99% used [0x00000000d0000000,0x00000000d1dbdf00,0x00000000d1e00000)
Event: 16.908 GC heap after
Heap after GC invocations=6 (full 0):
 PSYoungGen      total 27648K, used 7735K [0x00000000f5500000, 0x00000000f7b80000, 0x0000000100000000)
  eden space 16896K, 0% used [0x00000000f5500000,0x00000000f5500000,0x00000000f6580000)
  from space 10752K, 71% used [0x00000000f7100000,0x00000000f788df30,0x00000000f7b80000)
  to   space 11264K, 0% used [0x00000000f6580000,0x00000000f6580000,0x00000000f7080000)
 ParOldGen       total 44032K, used 24953K [0x00000000e0000000, 0x00000000e2b00000, 0x00000000f5500000)
  object space 44032K, 56% used [0x00000000e0000000,0x00000000e185e440,0x00000000e2b00000)
 PSPermGen       total 30720K, used 30455K [0x00000000d0000000, 0x00000000d1e00000, 0x00000000e0000000)
  object space 30720K, 99% used [0x00000000d0000000,0x00000000d1dbdf00,0x00000000d1e00000)
}
Event: 17.382 GC heap before
{Heap before GC invocations=7 (full 0):
 PSYoungGen      total 27648K, used 24631K [0x00000000f5500000, 0x00000000f7b80000, 0x0000000100000000)
  eden space 16896K, 100% used [0x00000000f5500000,0x00000000f6580000,0x00000000f6580000)
  from space 10752K, 71% used [0x00000000f7100000,0x00000000f788df30,0x00000000f7b80000)
  to   space 11264K, 0% used [0x00000000f6580000,0x00000000f6580000,0x00000000f7080000)
 ParOldGen       total 44032K, used 24953K [0x00000000e0000000, 0x00000000e2b00000, 0x00000000f5500000)
  object space 44032K, 56% used [0x00000000e0000000,0x00000000e185e440,0x00000000e2b00000)
 PSPermGen       total 33280K, used 33258K [0x00000000d0000000, 0x00000000d2080000, 0x00000000e0000000)
  object space 33280K, 99% used [0x00000000d0000000,0x00000000d207aa50,0x00000000d2080000)
Event: 17.392 GC heap after
Heap after GC invocations=7 (full 0):
 PSYoungGen      total 28160K, used 6369K [0x00000000f5500000, 0x00000000f8c00000, 0x0000000100000000)
  eden space 16896K, 0% used [0x00000000f5500000,0x00000000f5500000,0x00000000f6580000)
  from space 11264K, 56% used [0x00000000f6580000,0x00000000f6bb8768,0x00000000f7080000)
  to   space 11264K, 0% used [0x00000000f8100000,0x00000000f8100000,0x00000000f8c00000)
 ParOldGen       total 44032K, used 26156K [0x00000000e0000000, 0x00000000e2b00000, 0x00000000f5500000)
  object space 44032K, 59% used [0x00000000e0000000,0x00000000e198b380,0x00000000e2b00000)
 PSPermGen       total 33280K, used 33258K [0x00000000d0000000, 0x00000000d2080000, 0x00000000e0000000)
  object space 33280K, 99% used [0x00000000d0000000,0x00000000d207aa50,0x00000000d2080000)
}
Event: 19.113 GC heap before
{Heap before GC invocations=8 (full 0):
 PSYoungGen      total 28160K, used 23265K [0x00000000f5500000, 0x00000000f8c00000, 0x0000000100000000)
  eden space 16896K, 100% used [0x00000000f5500000,0x00000000f6580000,0x00000000f6580000)
  from space 11264K, 56% used [0x00000000f6580000,0x00000000f6bb8768,0x00000000f7080000)
  to   space 11264K, 0% used [0x00000000f8100000,0x00000000f8100000,0x00000000f8c00000)
 ParOldGen       total 44032K, used 26156K [0x00000000e0000000, 0x00000000e2b00000, 0x00000000f5500000)
  object space 44032K, 59% used [0x00000000e0000000,0x00000000e198b380,0x00000000e2b00000)
 PSPermGen       total 38912K, used 38676K [0x00000000d0000000, 0x00000000d2600000, 0x00000000e0000000)
  object space 38912K, 99% used [0x00000000d0000000,0x00000000d25c53b0,0x00000000d2600000)
Event: 19.137 GC heap after
Heap after GC invocations=8 (full 0):
 PSYoungGen      total 44544K, used 9206K [0x00000000f5500000, 0x00000000f8d00000, 0x0000000100000000)
  eden space 33280K, 0% used [0x00000000f5500000,0x00000000f5500000,0x00000000f7580000)
  from space 11264K, 81% used [0x00000000f8100000,0x00000000f89fd930,0x00000000f8c00000)
  to   space 11776K, 0% used [0x00000000f7580000,0x00000000f7580000,0x00000000f8100000)
 ParOldGen       total 44032K, used 27039K [0x00000000e0000000, 0x00000000e2b00000, 0x00000000f5500000)
  object space 44032K, 61% used [0x00000000e0000000,0x00000000e1a67ed0,0x00000000e2b00000)
 PSPermGen       total 38912K, used 38676K [0x00000000d0000000, 0x00000000d2600000, 0x00000000e0000000)
  object space 38912K, 99% used [0x00000000d0000000,0x00000000d25c53b0,0x00000000d2600000)
}
Event: 25.437 GC heap before
{Heap before GC invocations=9 (full 0):
 PSYoungGen      total 44544K, used 42486K [0x00000000f5500000, 0x00000000f8d00000, 0x0000000100000000)
  eden space 33280K, 100% used [0x00000000f5500000,0x00000000f7580000,0x00000000f7580000)
  from space 11264K, 81% used [0x00000000f8100000,0x00000000f89fd930,0x00000000f8c00000)
  to   space 11776K, 0% used [0x00000000f7580000,0x00000000f7580000,0x00000000f8100000)
 ParOldGen       total 44032K, used 27039K [0x00000000e0000000, 0x00000000e2b00000, 0x00000000f5500000)
  object space 44032K, 61% used [0x00000000e0000000,0x00000000e1a67ed0,0x00000000e2b00000)
 PSPermGen       total 47104K, used 47020K [0x00000000d0000000, 0x00000000d2e00000, 0x00000000e0000000)
  object space 47104K, 99% used [0x00000000d0000000,0x00000000d2deb240,0x00000000d2e00000)
Event: 25.470 GC heap after
Heap after GC invocations=9 (full 0):
 PSYoungGen      total 44032K, used 11771K [0x00000000f5500000, 0x00000000f8f80000, 0x0000000100000000)
  eden space 32256K, 0% used [0x00000000f5500000,0x00000000f5500000,0x00000000f7480000)
  from space 11776K, 99% used [0x00000000f7580000,0x00000000f80fef98,0x00000000f8100000)
  to   space 13824K, 0% used [0x00000000f8200000,0x00000000f8200000,0x00000000f8f80000)
 ParOldGen       total 44032K, used 29252K [0x00000000e0000000, 0x00000000e2b00000, 0x00000000f5500000)
  object space 44032K, 66% used [0x00000000e0000000,0x00000000e1c91218,0x00000000e2b00000)
 PSPermGen       total 47104K, used 47020K [0x00000000d0000000, 0x00000000d2e00000, 0x00000000e0000000)
  object space 47104K, 99% used [0x00000000d0000000,0x00000000d2deb240,0x00000000d2e00000)
}

